<?xml version="1.0" encoding="UTF-8"?>
<!-- Generated by org.testng.reporters.JUnitReportReporter -->
<testsuite hostname="LAPTOP-F4OCCG3E" failures="0" tests="5" name="Test.OrangeHRM" time="29.789" errors="0" timestamp="2022-03-10T12:37:58 IST" skipped="0">
  <testcase classname="Test.OrangeHRM" name="NavigateToMyInfo" time="2.758"/>
  <system-out/>
  <testcase classname="Test.OrangeHRM" name="VerifyLogin" time="0.109"/>
  <system-out/>
  <testcase classname="Test.OrangeHRM" name="LaunchApp" time="11.644"/>
  <system-out/>
  <testcase classname="Test.OrangeHRM" name="VerifyMyInfoPage" time="0.054"/>
  <system-out/>
  <testcase classname="Test.OrangeHRM" name="LaunchApp" time="15.224"/>
  <system-out/>
</testsuite> <!-- Test.OrangeHRM -->
