<?xml version="1.0" encoding="UTF-8"?>
<!-- Generated by org.testng.reporters.JUnitReportReporter -->
<testsuite hostname="LAPTOP-F4OCCG3E" failures="0" tests="1" name="Test.FirstTest" time="7.138" errors="0" timestamp="2022-03-09T21:04:37 IST" skipped="0">
  <testcase classname="Test.FirstTest" name="testGoogle" time="7.138"/>
  <system-out/>
</testsuite> <!-- Test.FirstTest -->
