<?xml version="1.0" encoding="UTF-8"?>
<!-- Generated by org.testng.reporters.JUnitReportReporter -->
<testsuite hostname="LAPTOP-F4OCCG3E" failures="0" tests="2" name="Test.Annotations" time="0.009" errors="0" timestamp="2022-03-10T12:27:42 IST" skipped="0">
  <testcase classname="Test.Annotations" name="testmethod2" time="0.001"/>
  <system-out/>
  <testcase classname="Test.Annotations" name="testmethod" time="0.008"/>
  <system-out/>
</testsuite> <!-- Test.Annotations -->
