<?xml version="1.0" encoding="UTF-8"?>
<!-- Generated by org.testng.reporters.JUnitReportReporter -->
<testsuite hostname="LAPTOP-F4OCCG3E" failures="0" tests="1" name="NDTVYamlPack.Test01" time="0.082" errors="0" timestamp="2022-03-04T18:51:40 IST" skipped="0">
  <testcase classname="NDTVYamlPack.Test01" name="read_data" time="0.082"/>
  <system-out/>
</testsuite> <!-- NDTVYamlPack.Test01 -->
