<?xml version="1.0" encoding="UTF-8"?>
<!-- Generated by org.testng.reporters.JUnitReportReporter -->
<testsuite hostname="LAPTOP-F4OCCG3E" failures="0" tests="3" name="NDTVYamlPack.NDTVYaml1" time="26.913" errors="0" timestamp="2022-03-25T19:22:12 IST" skipped="0">
  <testcase classname="NDTVYamlPack.NDTVYaml1" name="testNdtvPage" time="21.953"/>
  <system-out/>
  <testcase classname="NDTVYamlPack.NDTVYaml1" name="testWeatherPage" time="4.590"/>
  <system-out/>
  <testcase classname="NDTVYamlPack.NDTVYaml1" name="testWeather" time="0.370"/>
  <system-out/>
</testsuite> <!-- NDTVYamlPack.NDTVYaml1 -->
