<?xml version="1.0" encoding="UTF-8"?>
<!-- Generated by org.testng.reporters.JUnitReportReporter -->
<testsuite hostname="LAPTOP-F4OCCG3E" failures="0" tests="1" name="Java_Files.YAML" time="0.006" errors="0" timestamp="2022-03-08T14:13:56 IST" skipped="0">
  <testcase classname="Java_Files.YAML" name="YAMLData" time="0.006"/>
  <system-out/>
</testsuite> <!-- Java_Files.YAML -->
