<?xml version="1.0" encoding="UTF-8"?>
<!-- Generated by org.testng.reporters.JUnitReportReporter -->
<testsuite hostname="LAPTOP-F4OCCG3E" failures="0" tests="1" name="Java_Files.PROPERTIES" time="0.007" errors="0" timestamp="2022-03-08T18:08:15 IST" skipped="0">
  <testcase classname="Java_Files.PROPERTIES" name="testProperties" time="0.007"/>
  <system-out/>
</testsuite> <!-- Java_Files.PROPERTIES -->
